<?xml version="1.0" encoding="UTF-8"?>
<!-- Generated by org.testng.reporters.JUnitXMLReporter -->
<testsuite ignored="0" hostname="DESKTOP-FC7EURR" failures="0" tests="4" name="Default test" time="28.629" errors="0" timestamp="17 Sep 2021 18:18:44 GMT">
  <testcase classname="com.selenium2.test2.nykaademotest" name="testJbkTitle" time="4.607"/>
  <testcase classname="com.selenium2.test2.nykaademotest" name="testJbkTitleInvalid" time="3.974"/>
  <testcase classname="com.selenium2.test2.nykaademotest" name="testJbkTitlescroll" time="6.047"/>
  <testcase classname="com.selenium2.test2.nykaademotest" name="testJbkTitlesubmit" time="7.546"/>
</testsuite> <!-- Default test -->
